{"/home/guilherme/Trybe_/Exercises/trybe-exercises/Back-end/exercises/tests/31.4/tests/controllers/productController.js": {"path":"/home/guilherme/Trybe_/Exercises/trybe-exercises/Back-end/exercises/tests/31.4/tests/controllers/productController.js","statementMap":{"0":{"start":{"line":1,"column":21},"end":{"line":1,"column":57}},"1":{"start":{"line":3,"column":23},"end":{"line":8,"column":1}},"2":{"start":{"line":4,"column":19},"end":{"line":4,"column":47}},"3":{"start":{"line":6,"column":2},"end":{"line":6,"column":18}},"4":{"start":{"line":7,"column":2},"end":{"line":7,"column":21}},"5":{"start":{"line":10,"column":23},"end":{"line":20,"column":1}},"6":{"start":{"line":11,"column":18},"end":{"line":11,"column":59}},"7":{"start":{"line":13,"column":2},"end":{"line":16,"column":3}},"8":{"start":{"line":14,"column":4},"end":{"line":14,"column":20}},"9":{"start":{"line":15,"column":4},"end":{"line":15,"column":59}},"10":{"start":{"line":18,"column":2},"end":{"line":18,"column":18}},"11":{"start":{"line":19,"column":2},"end":{"line":19,"column":20}},"12":{"start":{"line":22,"column":22},"end":{"line":34,"column":1}},"13":{"start":{"line":23,"column":30},"end":{"line":23,"column":38}},"14":{"start":{"line":25,"column":2},"end":{"line":33,"column":3}},"15":{"start":{"line":26,"column":23},"end":{"line":26,"column":62}},"16":{"start":{"line":28,"column":4},"end":{"line":28,"column":20}},"17":{"start":{"line":29,"column":4},"end":{"line":29,"column":25}},"18":{"start":{"line":31,"column":4},"end":{"line":31,"column":20}},"19":{"start":{"line":32,"column":4},"end":{"line":32,"column":45}},"20":{"start":{"line":36,"column":26},"end":{"line":46,"column":1}},"21":{"start":{"line":37,"column":2},"end":{"line":45,"column":3}},"22":{"start":{"line":38,"column":21},"end":{"line":38,"column":62}},"23":{"start":{"line":40,"column":4},"end":{"line":40,"column":20}},"24":{"start":{"line":41,"column":4},"end":{"line":41,"column":23}},"25":{"start":{"line":43,"column":4},"end":{"line":43,"column":20}},"26":{"start":{"line":44,"column":4},"end":{"line":44,"column":45}},"27":{"start":{"line":48,"column":24},"end":{"line":60,"column":1}},"28":{"start":{"line":49,"column":26},"end":{"line":49,"column":34}},"29":{"start":{"line":51,"column":2},"end":{"line":59,"column":3}},"30":{"start":{"line":52,"column":21},"end":{"line":52,"column":79}},"31":{"start":{"line":54,"column":4},"end":{"line":54,"column":20}},"32":{"start":{"line":55,"column":4},"end":{"line":55,"column":23}},"33":{"start":{"line":57,"column":4},"end":{"line":57,"column":20}},"34":{"start":{"line":58,"column":4},"end":{"line":58,"column":45}},"35":{"start":{"line":62,"column":0},"end":{"line":68,"column":2}}},"fnMap":{"0":{"name":"(anonymous_0)","decl":{"start":{"line":3,"column":23},"end":{"line":3,"column":24}},"loc":{"start":{"line":3,"column":43},"end":{"line":8,"column":1}},"line":3},"1":{"name":"(anonymous_1)","decl":{"start":{"line":10,"column":23},"end":{"line":10,"column":24}},"loc":{"start":{"line":10,"column":43},"end":{"line":20,"column":1}},"line":10},"2":{"name":"(anonymous_2)","decl":{"start":{"line":22,"column":22},"end":{"line":22,"column":23}},"loc":{"start":{"line":22,"column":42},"end":{"line":34,"column":1}},"line":22},"3":{"name":"(anonymous_3)","decl":{"start":{"line":36,"column":26},"end":{"line":36,"column":27}},"loc":{"start":{"line":36,"column":47},"end":{"line":46,"column":1}},"line":36},"4":{"name":"(anonymous_4)","decl":{"start":{"line":48,"column":24},"end":{"line":48,"column":25}},"loc":{"start":{"line":48,"column":44},"end":{"line":60,"column":1}},"line":48}},"branchMap":{"0":{"loc":{"start":{"line":13,"column":2},"end":{"line":16,"column":3}},"type":"if","locations":[{"start":{"line":13,"column":2},"end":{"line":16,"column":3}},{"start":{"line":13,"column":2},"end":{"line":16,"column":3}}],"line":13}},"s":{"0":1,"1":1,"2":1,"3":1,"4":1,"5":1,"6":2,"7":2,"8":1,"9":1,"10":1,"11":1,"12":1,"13":2,"14":2,"15":2,"16":1,"17":1,"18":1,"19":1,"20":1,"21":2,"22":2,"23":1,"24":1,"25":1,"26":1,"27":1,"28":3,"29":3,"30":3,"31":2,"32":2,"33":1,"34":1,"35":1},"f":{"0":1,"1":2,"2":2,"3":2,"4":3},"b":{"0":[1,1]},"_coverageSchema":"1a1c01bbd47fc00a2c39e90264f33305004495a9","hash":"f918ce3e25255110f9bad55195a9ef8d16b5b54f"}
,"/home/guilherme/Trybe_/Exercises/trybe-exercises/Back-end/exercises/tests/31.4/tests/middlewares/index.js": {"path":"/home/guilherme/Trybe_/Exercises/trybe-exercises/Back-end/exercises/tests/31.4/tests/middlewares/index.js","statementMap":{"0":{"start":{"line":1,"column":21},"end":{"line":4,"column":3}},"1":{"start":{"line":2,"column":18},"end":{"line":2,"column":39}},"2":{"start":{"line":3,"column":4},"end":{"line":3,"column":52}},"3":{"start":{"line":7,"column":14},"end":{"line":10,"column":3}},"4":{"start":{"line":8,"column":4},"end":{"line":8,"column":37}},"5":{"start":{"line":9,"column":4},"end":{"line":9,"column":10}},"6":{"start":{"line":12,"column":25},"end":{"line":20,"column":3}},"7":{"start":{"line":13,"column":4},"end":{"line":19,"column":5}},"8":{"start":{"line":15,"column":6},"end":{"line":15,"column":13}},"9":{"start":{"line":18,"column":6},"end":{"line":18,"column":59}},"10":{"start":{"line":22,"column":2},"end":{"line":25,"column":3}}},"fnMap":{"0":{"name":"(anonymous_0)","decl":{"start":{"line":1,"column":21},"end":{"line":1,"column":22}},"loc":{"start":{"line":1,"column":37},"end":{"line":4,"column":3}},"line":1},"1":{"name":"(anonymous_1)","decl":{"start":{"line":7,"column":14},"end":{"line":7,"column":15}},"loc":{"start":{"line":7,"column":34},"end":{"line":10,"column":3}},"line":7},"2":{"name":"(anonymous_2)","decl":{"start":{"line":12,"column":25},"end":{"line":12,"column":26}},"loc":{"start":{"line":12,"column":45},"end":{"line":20,"column":3}},"line":12}},"branchMap":{"0":{"loc":{"start":{"line":1,"column":22},"end":{"line":1,"column":32}},"type":"default-arg","locations":[{"start":{"line":1,"column":30},"end":{"line":1,"column":32}}],"line":1},"1":{"loc":{"start":{"line":3,"column":11},"end":{"line":3,"column":51}},"type":"binary-expr","locations":[{"start":{"line":3,"column":11},"end":{"line":3,"column":30}},{"start":{"line":3,"column":34},"end":{"line":3,"column":51}}],"line":3},"2":{"loc":{"start":{"line":13,"column":4},"end":{"line":19,"column":5}},"type":"if","locations":[{"start":{"line":13,"column":4},"end":{"line":19,"column":5}},{"start":{"line":13,"column":4},"end":{"line":19,"column":5}}],"line":13}},"s":{"0":1,"1":2,"2":2,"3":1,"4":2,"5":2,"6":1,"7":2,"8":1,"9":1,"10":1},"f":{"0":2,"1":2,"2":2},"b":{"0":[0],"1":[2,1],"2":[1,1]},"_coverageSchema":"1a1c01bbd47fc00a2c39e90264f33305004495a9","hash":"0d1eae8a1529ec0b6990553fe4096e6543d54111"}
,"/home/guilherme/Trybe_/Exercises/trybe-exercises/Back-end/exercises/tests/31.4/tests/models/productModel.js": {"path":"/home/guilherme/Trybe_/Exercises/trybe-exercises/Back-end/exercises/tests/31.4/tests/models/productModel.js","statementMap":{"0":{"start":{"line":1,"column":11},"end":{"line":1,"column":24}},"1":{"start":{"line":4,"column":18},"end":{"line":4,"column":52}},"2":{"start":{"line":5,"column":19},"end":{"line":5,"column":38}},"3":{"start":{"line":7,"column":2},"end":{"line":7,"column":18}},"4":{"start":{"line":11,"column":18},"end":{"line":11,"column":52}},"5":{"start":{"line":13,"column":18},"end":{"line":15,"column":3}},"6":{"start":{"line":14,"column":17},"end":{"line":14,"column":44}},"7":{"start":{"line":19,"column":2},"end":{"line":19,"column":25}},"8":{"start":{"line":23,"column":18},"end":{"line":23,"column":52}},"9":{"start":{"line":24,"column":19},"end":{"line":24,"column":38}},"10":{"start":{"line":26,"column":13},"end":{"line":26,"column":49}},"11":{"start":{"line":28,"column":18},"end":{"line":28,"column":37}},"12":{"start":{"line":29,"column":2},"end":{"line":29,"column":25}},"13":{"start":{"line":31,"column":2},"end":{"line":34,"column":5}},"14":{"start":{"line":32,"column":4},"end":{"line":32,"column":23}},"15":{"start":{"line":32,"column":13},"end":{"line":32,"column":23}},"16":{"start":{"line":36,"column":2},"end":{"line":36,"column":44}},"17":{"start":{"line":36,"column":30},"end":{"line":36,"column":41}},"18":{"start":{"line":40,"column":18},"end":{"line":40,"column":52}},"19":{"start":{"line":41,"column":19},"end":{"line":43,"column":3}},"20":{"start":{"line":42,"column":17},"end":{"line":42,"column":44}},"21":{"start":{"line":45,"column":2},"end":{"line":48,"column":5}},"22":{"start":{"line":46,"column":4},"end":{"line":46,"column":23}},"23":{"start":{"line":46,"column":13},"end":{"line":46,"column":23}},"24":{"start":{"line":47,"column":4},"end":{"line":47,"column":33}},"25":{"start":{"line":50,"column":2},"end":{"line":50,"column":18}},"26":{"start":{"line":54,"column":18},"end":{"line":54,"column":52}},"27":{"start":{"line":55,"column":19},"end":{"line":55,"column":38}},"28":{"start":{"line":57,"column":18},"end":{"line":57,"column":73}},"29":{"start":{"line":57,"column":45},"end":{"line":57,"column":72}},"30":{"start":{"line":59,"column":2},"end":{"line":67,"column":3}},"31":{"start":{"line":60,"column":4},"end":{"line":60,"column":24}},"32":{"start":{"line":61,"column":4},"end":{"line":61,"column":26}},"33":{"start":{"line":64,"column":18},"end":{"line":64,"column":54}},"34":{"start":{"line":65,"column":23},"end":{"line":65,"column":49}},"35":{"start":{"line":66,"column":4},"end":{"line":66,"column":30}},"36":{"start":{"line":69,"column":2},"end":{"line":72,"column":5}},"37":{"start":{"line":70,"column":4},"end":{"line":70,"column":23}},"38":{"start":{"line":70,"column":13},"end":{"line":70,"column":23}},"39":{"start":{"line":71,"column":4},"end":{"line":71,"column":33}},"40":{"start":{"line":74,"column":2},"end":{"line":74,"column":18}},"41":{"start":{"line":77,"column":0},"end":{"line":77,"column":63}}},"fnMap":{"0":{"name":"getAll","decl":{"start":{"line":3,"column":10},"end":{"line":3,"column":16}},"loc":{"start":{"line":3,"column":19},"end":{"line":8,"column":1}},"line":3},"1":{"name":"getById","decl":{"start":{"line":10,"column":9},"end":{"line":10,"column":16}},"loc":{"start":{"line":10,"column":21},"end":{"line":20,"column":1}},"line":10},"2":{"name":"(anonymous_2)","decl":{"start":{"line":14,"column":4},"end":{"line":14,"column":5}},"loc":{"start":{"line":14,"column":17},"end":{"line":14,"column":44}},"line":14},"3":{"name":"add","decl":{"start":{"line":22,"column":9},"end":{"line":22,"column":12}},"loc":{"start":{"line":22,"column":26},"end":{"line":37,"column":1}},"line":22},"4":{"name":"(anonymous_4)","decl":{"start":{"line":31,"column":77},"end":{"line":31,"column":78}},"loc":{"start":{"line":31,"column":86},"end":{"line":34,"column":3}},"line":31},"5":{"name":"(anonymous_5)","decl":{"start":{"line":36,"column":23},"end":{"line":36,"column":24}},"loc":{"start":{"line":36,"column":30},"end":{"line":36,"column":41}},"line":36},"6":{"name":"remove","decl":{"start":{"line":39,"column":9},"end":{"line":39,"column":15}},"loc":{"start":{"line":39,"column":20},"end":{"line":51,"column":1}},"line":39},"7":{"name":"(anonymous_7)","decl":{"start":{"line":42,"column":4},"end":{"line":42,"column":5}},"loc":{"start":{"line":42,"column":17},"end":{"line":42,"column":44}},"line":42},"8":{"name":"(anonymous_8)","decl":{"start":{"line":45,"column":68},"end":{"line":45,"column":69}},"loc":{"start":{"line":45,"column":77},"end":{"line":48,"column":3}},"line":45},"9":{"name":"addOrUpdate","decl":{"start":{"line":53,"column":9},"end":{"line":53,"column":20}},"loc":{"start":{"line":53,"column":38},"end":{"line":75,"column":1}},"line":53},"10":{"name":"(anonymous_10)","decl":{"start":{"line":57,"column":32},"end":{"line":57,"column":33}},"loc":{"start":{"line":57,"column":45},"end":{"line":57,"column":72}},"line":57},"11":{"name":"(anonymous_11)","decl":{"start":{"line":69,"column":68},"end":{"line":69,"column":69}},"loc":{"start":{"line":69,"column":77},"end":{"line":72,"column":3}},"line":69}},"branchMap":{"0":{"loc":{"start":{"line":19,"column":9},"end":{"line":19,"column":24}},"type":"binary-expr","locations":[{"start":{"line":19,"column":9},"end":{"line":19,"column":16}},{"start":{"line":19,"column":20},"end":{"line":19,"column":24}}],"line":19},"1":{"loc":{"start":{"line":32,"column":4},"end":{"line":32,"column":23}},"type":"if","locations":[{"start":{"line":32,"column":4},"end":{"line":32,"column":23}},{"start":{"line":32,"column":4},"end":{"line":32,"column":23}}],"line":32},"2":{"loc":{"start":{"line":46,"column":4},"end":{"line":46,"column":23}},"type":"if","locations":[{"start":{"line":46,"column":4},"end":{"line":46,"column":23}},{"start":{"line":46,"column":4},"end":{"line":46,"column":23}}],"line":46},"3":{"loc":{"start":{"line":59,"column":2},"end":{"line":67,"column":3}},"type":"if","locations":[{"start":{"line":59,"column":2},"end":{"line":67,"column":3}},{"start":{"line":59,"column":2},"end":{"line":67,"column":3}}],"line":59},"4":{"loc":{"start":{"line":70,"column":4},"end":{"line":70,"column":23}},"type":"if","locations":[{"start":{"line":70,"column":4},"end":{"line":70,"column":23}},{"start":{"line":70,"column":4},"end":{"line":70,"column":23}}],"line":70}},"s":{"0":2,"1":1,"2":1,"3":1,"4":2,"5":2,"6":4,"7":2,"8":1,"9":1,"10":1,"11":1,"12":1,"13":1,"14":0,"15":0,"16":1,"17":4,"18":1,"19":1,"20":3,"21":1,"22":0,"23":0,"24":0,"25":1,"26":2,"27":2,"28":2,"29":6,"30":2,"31":1,"32":1,"33":1,"34":1,"35":1,"36":2,"37":0,"38":0,"39":0,"40":2,"41":2},"f":{"0":1,"1":2,"2":4,"3":1,"4":0,"5":4,"6":1,"7":3,"8":0,"9":2,"10":6,"11":0},"b":{"0":[2,1],"1":[0,0],"2":[0,0],"3":[1,1],"4":[0,0]},"_coverageSchema":"1a1c01bbd47fc00a2c39e90264f33305004495a9","hash":"f20a1ade6acce143c87a0c1726dafd8b9c8be264"}
}
