TN:
SF:controllers/productController.js
FN:3,(anonymous_0)
FN:10,(anonymous_1)
FN:22,(anonymous_2)
FN:36,(anonymous_3)
FN:48,(anonymous_4)
FNF:5
FNH:5
FNDA:1,(anonymous_0)
FNDA:2,(anonymous_1)
FNDA:2,(anonymous_2)
FNDA:2,(anonymous_3)
FNDA:3,(anonymous_4)
DA:1,1
DA:3,1
DA:4,1
DA:6,1
DA:7,1
DA:10,1
DA:11,2
DA:13,2
DA:14,1
DA:15,1
DA:18,1
DA:19,1
DA:22,1
DA:23,2
DA:25,2
DA:26,2
DA:28,1
DA:29,1
DA:31,1
DA:32,1
DA:36,1
DA:37,2
DA:38,2
DA:40,1
DA:41,1
DA:43,1
DA:44,1
DA:48,1
DA:49,3
DA:51,3
DA:52,3
DA:54,2
DA:55,2
DA:57,1
DA:58,1
DA:62,1
LF:36
LH:36
BRDA:13,0,0,1
BRDA:13,0,1,1
BRF:2
BRH:2
end_of_record
TN:
SF:middlewares/index.js
FN:1,(anonymous_0)
FN:7,(anonymous_1)
FN:12,(anonymous_2)
FNF:3
FNH:3
FNDA:2,(anonymous_0)
FNDA:2,(anonymous_1)
FNDA:2,(anonymous_2)
DA:1,1
DA:2,2
DA:3,2
DA:7,1
DA:8,2
DA:9,2
DA:12,1
DA:13,2
DA:15,1
DA:18,1
DA:22,1
LF:11
LH:11
BRDA:1,0,0,0
BRDA:3,1,0,2
BRDA:3,1,1,1
BRDA:13,2,0,1
BRDA:13,2,1,1
BRF:5
BRH:4
end_of_record
TN:
SF:models/productModel.js
FN:3,getAll
FN:10,getById
FN:14,(anonymous_2)
FN:22,add
FN:31,(anonymous_4)
FN:36,(anonymous_5)
FN:39,remove
FN:42,(anonymous_7)
FN:45,(anonymous_8)
FN:53,addOrUpdate
FN:57,(anonymous_10)
FN:69,(anonymous_11)
FNF:12
FNH:9
FNDA:1,getAll
FNDA:2,getById
FNDA:4,(anonymous_2)
FNDA:1,add
FNDA:0,(anonymous_4)
FNDA:4,(anonymous_5)
FNDA:1,remove
FNDA:3,(anonymous_7)
FNDA:0,(anonymous_8)
FNDA:2,addOrUpdate
FNDA:6,(anonymous_10)
FNDA:0,(anonymous_11)
DA:1,2
DA:4,1
DA:5,1
DA:7,1
DA:11,2
DA:13,2
DA:14,4
DA:19,2
DA:23,1
DA:24,1
DA:26,1
DA:28,1
DA:29,1
DA:31,1
DA:32,0
DA:36,4
DA:40,1
DA:41,1
DA:42,3
DA:45,1
DA:46,0
DA:47,0
DA:50,1
DA:54,2
DA:55,2
DA:57,6
DA:59,2
DA:60,1
DA:61,1
DA:64,1
DA:65,1
DA:66,1
DA:69,2
DA:70,0
DA:71,0
DA:74,2
DA:77,2
LF:37
LH:32
BRDA:19,0,0,2
BRDA:19,0,1,1
BRDA:32,1,0,0
BRDA:32,1,1,0
BRDA:46,2,0,0
BRDA:46,2,1,0
BRDA:59,3,0,1
BRDA:59,3,1,1
BRDA:70,4,0,0
BRDA:70,4,1,0
BRF:10
BRH:4
end_of_record
